stub/build/outputs/mapping/release/mapping.txt
# compiler: R8
# compiler_version: 3.0.62
# min_api: 21
# pg_map_id: ac50b5b
# common_typos_disable
...
DownloadActivity$$ExternalSyntheticLambda0 -> d:
    com.brightsight.joker.DownloadActivity com.brightsight.joker.DownloadActivity$$InternalSyntheticLambda$1$60ea64e51549560438954a5634db111faa008b6dc570b42969cf443a4d39ebcc$0.f$0 -> b
    int com.brightsight.joker.DownloadActivity$$InternalSyntheticLambda$1$60ea64e51549560438954a5634db111faa008b6dc570b42969cf443a4d39ebcc$0.$r8$classId -> a
    void com.brightsight.joker.DownloadActivity$$InternalSyntheticLambda$1$60ea64e51549560438954a5634db111faa008b6dc570b42969cf443a4d39ebcc$0.$r8$init$bridge(com.brightsight.joker.DownloadActivity) -> <init>
    void com.brightsight.joker.net.Request$$InternalSyntheticLambda$3$36a2f6bd3fe1558af3588161c4abdbc387e5ca3b16185c46ca3576e2cc86a652$0.$r8$init$bridge(com.brightsight.joker.net.Request) -> <init>
    1:1:org.json.JSONObject com.brightsight.joker.net.Request.dlJSONObject():0:0 -> a
    1:1:java.lang.Object com.brightsight.joker.net.Request$$InternalSyntheticLambda$3$36a2f6bd3fe1558af3588161c4abdbc387e5ca3b16185c46ca3576e2cc86a652$0.request():0 -> a
    2:2:java.lang.String com.brightsight.joker.net.Request.dlString():0:0 -> a
    2:2:org.json.JSONObject com.brightsight.joker.net.Request.dlJSONObject():0 -> a
    2:2:java.lang.Object com.brightsight.joker.net.Request$$InternalSyntheticLambda$3$36a2f6bd3fe1558af3588161c4abdbc387e5ca3b16185c46ca3576e2cc86a652$0.request():0 -> a
    3:3:org.json.JSONObject com.brightsight.joker.net.Request.dlJSONObject():0:0 -> a
DownloadActivity$$ExternalSyntheticLambda1 -> e:
    com.brightsight.joker.DownloadActivity com.brightsight.joker.DownloadActivity$$InternalSyntheticLambda$0$0da8ad83dd18b6e405c4fe440ae24cd39ab6985e70e7fa9d904df3638cadce2f$0.f$0 -> b
    int com.brightsight.joker.DownloadActivity$$InternalSyntheticLambda$0$0da8ad83dd18b6e405c4fe440ae24cd39ab6985e70e7fa9d904df3638cadce2f$0.$r8$classId -> a
    void com.brightsight.joker.DownloadActivity$$InternalSyntheticLambda$0$0da8ad83dd18b6e405c4fe440ae24cd39ab6985e70e7fa9d904df3638cadce2f$0.$r8$init$bridge(com.brightsight.joker.DownloadActivity) -> <init>
    1:1:void com.brightsight.joker.DownloadActivity.dlAPK():0:0 -> onClick
    1:1:void com.brightsight.joker.DownloadActivity.lambda$showDialog$2(android.content.DialogInterface,int):0 -> onClick
    1:1:void com.brightsight.joker.DownloadActivity$$InternalSyntheticLambda$0$0da8ad83dd18b6e405c4fe440ae24cd39ab6985e70e7fa9d904df3638cadce2f$0.onClick$bridge(android.content.DialogInterface,int):0 -> onClick
    2:2:java.io.File com.brightsight.joker.DynAPK.current(android.content.Context):0:0 -> onClick
    2:2:void com.brightsight.joker.DownloadActivity.dlAPK():0 -> onClick
    2:2:void com.brightsight.joker.DownloadActivity.lambda$showDialog$2(android.content.DialogInterface,int):0 -> onClick