stub/build/outputs/mapping/release/usage.txt
com.brightsight.joker.DownloadActivity:
    private static final java.lang.String APP_NAME
    private static final java.lang.String CANARY_URL
com.brightsight.joker.DynAPK:
    private static final int CLASS_COMPONENT_MAP
    private static final int STUB_VERSION_ENTRY
    private static java.lang.reflect.Method addAssetPath
    public void <init>()
    public static void addAssetPath(android.content.res.AssetManager,java.lang.String)
    public static com.brightsight.joker.DynAPK$Data load(java.lang.Object)
com.brightsight.joker.InjectAPK:
    public void <init>()
com.brightsight.joker.Mapping:
    public void <init>()
com.brightsight.joker.ProviderInstaller
com.brightsight.joker.R$string
com.brightsight.joker.R
com.brightsight.joker.dummy.DummyProvider
com.brightsight.joker.net.BadRequest:
    public com.brightsight.joker.net.Request addHeaders(java.lang.String,java.lang.String)
    public void execForFile(java.io.File)
    public com.brightsight.joker.net.Request$Result execForInputStream()
    public com.brightsight.joker.net.Request$Result execForJSONArray()
    public com.brightsight.joker.net.Request$Result execForJSONObject()
    public com.brightsight.joker.net.Request$Result execForString()
    public void getAsJSONArray(com.brightsight.joker.net.ResponseListener)
    public void getAsString(com.brightsight.joker.net.ResponseListener)
com.brightsight.joker.net.Networking:
    private static final int CONNECT_TIMEOUT
    private static final int READ_TIMEOUT
    public void <init>()
com.brightsight.joker.net.Request$Result
com.brightsight.joker.net.Request:
    public com.brightsight.joker.net.Request addHeaders(java.lang.String,java.lang.String)
    public com.brightsight.joker.net.Request$Result connect()
    private byte[] dlBytes()
    private org.json.JSONArray dlJSONArray()
    private com.brightsight.joker.net.Request$Result exec(com.brightsight.joker.net.Request$Requestor)
    public com.brightsight.joker.net.Request$Result execForBytes()
    public void execForFile(java.io.File)
    public com.brightsight.joker.net.Request$Result execForInputStream()
    public com.brightsight.joker.net.Request$Result execForJSONArray()
    public com.brightsight.joker.net.Request$Result execForJSONObject()
    public com.brightsight.joker.net.Request$Result execForString()
    public void getAsBytes(com.brightsight.joker.net.ResponseListener)
    public void getAsJSONArray(com.brightsight.joker.net.ResponseListener)
    public void getAsString(com.brightsight.joker.net.ResponseListener)
    private synthetic java.io.File lambda$execForFile$1(java.io.File)
com.brightsight.joker.utils.APKInstall:
    public void <init>()
    public static void installHideResult(android.app.Activity,java.io.File)
    public static void registerInstallReceiver(android.content.Context,android.content.BroadcastReceiver)
com.brightsight.joker.utils.DynamicClassLoader:
    public void <init>(java.io.File,java.lang.ClassLoader)
com.brightsight.shared.BuildConfig
com.brightsight.shared.R
a.z:
    private void $r8$constructor$com$brightsight$joker$DelegateComponentFactory()
    private final java.lang.Object create$com$brightsight$joker$DelegateComponentFactory(java.lang.String)
    private android.app.Activity instantiateActivity$com$brightsight$joker$DelegateComponentFactory(java.lang.String,android.content.Intent)
    private android.app.Application instantiateApplication$com$brightsight$joker$DelegateComponentFactory(java.lang.ClassLoader)
    private android.content.ContentProvider instantiateProvider$com$brightsight$joker$DelegateComponentFactory(java.lang.String)
    private android.content.BroadcastReceiver instantiateReceiver$com$brightsight$joker$DelegateComponentFactory(java.lang.String,android.content.Intent)
    private android.app.Service instantiateService$com$brightsight$joker$DelegateComponentFactory(java.lang.String,android.content.Intent)
com.brightsight.joker.BuildConfig